#-----------------------------------------------------------
# Vivado v2022.2 (64-bit)
# SW Build 3671981 on Fri Oct 14 05:00:03 MDT 2022
# IP Build 3669848 on Fri Oct 14 08:30:02 MDT 2022
# Start of session at: Mon Sep 11 15:35:31 2023
# Process ID: 11268
# Current directory: C:/Users/liyon/Desktop/Kernel_rbf
# Command line: vivado.exe -gui_launcher_event rodinguilauncherevent8980 C:\Users\liyon\Desktop\Kernel_rbf\Kernel_rbf.xpr
# Log file: C:/Users/liyon/Desktop/Kernel_rbf/vivado.log
# Journal file: C:/Users/liyon/Desktop/Kernel_rbf\vivado.jou
# Running On: DESKTOP-L6ICV7M, OS: Windows, CPU Frequency: 1797 MHz, CPU Physical cores: 16, Host memory: 16520 MB
#-----------------------------------------------------------
start_gui
open_project C:/Users/liyon/Desktop/Kernel_rbf/Kernel_rbf.xpr
WARNING: [Board 49-26] cannot add Board Part xilinx.com:kcu105:part0:1.6 available at C:/Xilinx/Vivado/2022.2/data/xhub/boards/XilinxBoardStore/boards/Xilinx/kcu105/1.6/board.xml as part xcku040-ffva1156-2-e specified in board_part file is either invalid or not available
WARNING: [Board 49-26] cannot add Board Part xilinx.com:kcu105:part0:1.7 available at C:/Xilinx/Vivado/2022.2/data/xhub/boards/XilinxBoardStore/boards/Xilinx/kcu105/1.7/board.xml as part xcku040-ffva1156-2-e specified in board_part file is either invalid or not available
WARNING: [Board 49-26] cannot add Board Part xilinx.com:kcu116:part0:1.4 available at C:/Xilinx/Vivado/2022.2/data/xhub/boards/XilinxBoardStore/boards/Xilinx/kcu116/1.4/board.xml as part xcku5p-ffvb676-2-e specified in board_part file is either invalid or not available
WARNING: [Board 49-26] cannot add Board Part xilinx.com:kcu116:part0:1.5 available at C:/Xilinx/Vivado/2022.2/data/xhub/boards/XilinxBoardStore/boards/Xilinx/kcu116/1.5/board.xml as part xcku5p-ffvb676-2-e specified in board_part file is either invalid or not available
WARNING: [Board 49-26] cannot add Board Part xilinx.com:kcu1500:part0:1.2 available at C:/Xilinx/Vivado/2022.2/data/xhub/boards/XilinxBoardStore/boards/Xilinx/kcu1500/1.2/board.xml as part xcku115-flvb2104-2-e specified in board_part file is either invalid or not available
WARNING: [Board 49-26] cannot add Board Part xilinx.com:vck190:part0:2.2 available at C:/Xilinx/Vivado/2022.2/data/xhub/boards/XilinxBoardStore/boards/Xilinx/vck190/production/2.2/board.xml as part xcvc1902-vsva2197-2mp-e-s specified in board_part file is either invalid or not available
WARNING: [Board 49-26] cannot add Board Part xilinx.com:vck190:part0:3.0 available at C:/Xilinx/Vivado/2022.2/data/xhub/boards/XilinxBoardStore/boards/Xilinx/vck190/production/3.0/board.xml as part xcvc1902-vsva2197-2mp-e-s specified in board_part file is either invalid or not available
WARNING: [Board 49-26] cannot add Board Part xilinx.com:vck190:part0:3.1 available at C:/Xilinx/Vivado/2022.2/data/xhub/boards/XilinxBoardStore/boards/Xilinx/vck190/production/3.1/board.xml as part xcvc1902-vsva2197-2mp-e-s specified in board_part file is either invalid or not available
WARNING: [Board 49-26] cannot add Board Part xilinx.com:vck190_newl:part0:1.0 available at C:/Xilinx/Vivado/2022.2/data/xhub/boards/XilinxBoardStore/boards/Xilinx/vck190_newl/production/1.0/board.xml as part xcvc1902-vsva2197-2mp-e-s specified in board_part file is either invalid or not available
WARNING: [Board 49-26] cannot add Board Part xilinx.com:vcu108:part0:1.6 available at C:/Xilinx/Vivado/2022.2/data/xhub/boards/XilinxBoardStore/boards/Xilinx/vcu108/1.6/board.xml as part xcvu095-ffva2104-2-e specified in board_part file is either invalid or not available
WARNING: [Board 49-26] cannot add Board Part xilinx.com:vcu108:part0:1.7 available at C:/Xilinx/Vivado/2022.2/data/xhub/boards/XilinxBoardStore/boards/Xilinx/vcu108/1.7/board.xml as part xcvu095-ffva2104-2-e specified in board_part file is either invalid or not available
WARNING: [Board 49-26] cannot add Board Part xilinx.com:vcu110:part0:1.4 available at C:/Xilinx/Vivado/2022.2/data/xhub/boards/XilinxBoardStore/boards/Xilinx/vcu110/1.4/board.xml as part xcvu190-flgc2104-2-e specified in board_part file is either invalid or not available
WARNING: [Board 49-26] cannot add Board Part xilinx.com:vcu118:part0:2.0 available at C:/Xilinx/Vivado/2022.2/data/xhub/boards/XilinxBoardStore/boards/Xilinx/vcu118/2.0/board.xml as part xcvu9p-flga2104-2l-e specified in board_part file is either invalid or not available
WARNING: [Board 49-26] cannot add Board Part xilinx.com:vcu118:part0:2.3 available at C:/Xilinx/Vivado/2022.2/data/xhub/boards/XilinxBoardStore/boards/Xilinx/vcu118/2.3/board.xml as part xcvu9p-flga2104-2l-e specified in board_part file is either invalid or not available
WARNING: [Board 49-26] cannot add Board Part xilinx.com:vcu118:part0:2.4 available at C:/Xilinx/Vivado/2022.2/data/xhub/boards/XilinxBoardStore/boards/Xilinx/vcu118/2.4/board.xml as part xcvu9p-flga2104-2l-e specified in board_part file is either invalid or not available
WARNING: [Board 49-26] cannot add Board Part xilinx.com:vcu128:part0:1.0 available at C:/Xilinx/Vivado/2022.2/data/xhub/boards/XilinxBoardStore/boards/Xilinx/vcu128/production/1.0/board.xml as part xcvu37p-fsvh2892-2l-e specified in board_part file is either invalid or not available
WARNING: [Board 49-26] cannot add Board Part xilinx.com:vcu129:part0:1.0 available at C:/Xilinx/Vivado/2022.2/data/xhub/boards/XilinxBoardStore/boards/Xilinx/vcu129/production/1.0/board.xml as part xcvu29p-fsga2577-2l-e specified in board_part file is either invalid or not available
WARNING: [Board 49-26] cannot add Board Part xilinx.com:vcu1525:part0:1.3 available at C:/Xilinx/Vivado/2022.2/data/xhub/boards/XilinxBoardStore/boards/Xilinx/vcu1525/1.3/board.xml as part xcvu9p-fsgd2104-2l-e specified in board_part file is either invalid or not available
WARNING: [Board 49-26] cannot add Board Part xilinx.com:vek280_es:part0:1.0 available at C:/Xilinx/Vivado/2022.2/data/xhub/boards/XilinxBoardStore/boards/Xilinx/vek280/es/1.0/board.xml as part xcve2802-vsvh1760-2lp-e-s-es1 specified in board_part file is either invalid or not available
WARNING: [Board 49-26] cannot add Board Part xilinx.com:vhk158_es:part0:1.0 available at C:/Xilinx/Vivado/2022.2/data/xhub/boards/XilinxBoardStore/boards/Xilinx/vhk158/es/1.0/board.xml as part xcvh1582-vsva3697-2mp-e-s-es1 specified in board_part file is either invalid or not available
WARNING: [Board 49-26] cannot add Board Part xilinx.com:vmk180:part0:2.2 available at C:/Xilinx/Vivado/2022.2/data/xhub/boards/XilinxBoardStore/boards/Xilinx/vmk180/production/2.2/board.xml as part xcvm1802-vsva2197-2mp-e-s specified in board_part file is either invalid or not available
WARNING: [Board 49-26] cannot add Board Part xilinx.com:vmk180:part0:3.0 available at C:/Xilinx/Vivado/2022.2/data/xhub/boards/XilinxBoardStore/boards/Xilinx/vmk180/production/3.0/board.xml as part xcvm1802-vsva2197-2mp-e-s specified in board_part file is either invalid or not available
WARNING: [Board 49-26] cannot add Board Part xilinx.com:vmk180:part0:3.1 available at C:/Xilinx/Vivado/2022.2/data/xhub/boards/XilinxBoardStore/boards/Xilinx/vmk180/production/3.1/board.xml as part xcvm1802-vsva2197-2mp-e-s specified in board_part file is either invalid or not available
WARNING: [Board 49-26] cannot add Board Part xilinx.com:vmk180_newl:part0:1.0 available at C:/Xilinx/Vivado/2022.2/data/xhub/boards/XilinxBoardStore/boards/Xilinx/vmk180_newl/production/1.0/board.xml as part xcvm1802-vsva2197-2mp-e-s specified in board_part file is either invalid or not available
WARNING: [Board 49-26] cannot add Board Part xilinx.com:vpk120:part0:1.0 available at C:/Xilinx/Vivado/2022.2/data/xhub/boards/XilinxBoardStore/boards/Xilinx/vpk120/production/1.0/board.xml as part xcvp1202-vsva2785-2mp-e-s specified in board_part file is either invalid or not available
WARNING: [Board 49-26] cannot add Board Part xilinx.com:vpk120_es:part0:1.2 available at C:/Xilinx/Vivado/2022.2/data/xhub/boards/XilinxBoardStore/boards/Xilinx/vpk120/es/1.2/board.xml as part xcvp1202-vsva2785-2mp-e-s-es1 specified in board_part file is either invalid or not available
WARNING: [Board 49-26] cannot add Board Part xilinx.com:vpk120_es_revb:part0:1.0 available at C:/Xilinx/Vivado/2022.2/data/xhub/boards/XilinxBoardStore/boards/Xilinx/vpk120_revb/es/1.0/board.xml as part xcvp1202-vsva2785-2mp-e-s-es1 specified in board_part file is either invalid or not available
WARNING: [Board 49-26] cannot add Board Part xilinx.com:vpk180_es:part0:1.0 available at C:/Xilinx/Vivado/2022.2/data/xhub/boards/XilinxBoardStore/boards/Xilinx/vpk180/es/1.0/board.xml as part xcvp1802-lsvc4072-2mp-e-s-es1 specified in board_part file is either invalid or not available
WARNING: [Board 49-26] cannot add Board Part xilinx.com:zcu208ld:part0:2.0 available at C:/Xilinx/Vivado/2022.2/data/xhub/boards/XilinxBoardStore/boards/Xilinx/zcu208ld/production/2.0/board.xml as part xczu58dr-fsvg1517-2-i specified in board_part file is either invalid or not available
WARNING: [Board 49-26] cannot add Board Part xilinx.com:zcu216ld:part0:2.0 available at C:/Xilinx/Vivado/2022.2/data/xhub/boards/XilinxBoardStore/boards/Xilinx/zcu216ld/production/2.0/board.xml as part xczu59dr-ffvf1760-2-i specified in board_part file is either invalid or not available
WARNING: [Board 49-26] cannot add Board Part xilinx.com:zcu670:part0:2.0 available at C:/Xilinx/Vivado/2022.2/data/xhub/boards/XilinxBoardStore/boards/Xilinx/zcu670/2.0/board.xml as part xczu67dr-fsve1156-2-i specified in board_part file is either invalid or not available
WARNING: [Board 49-26] cannot add Board Part xilinx.com:zcu670ld:part0:1.0 available at C:/Xilinx/Vivado/2022.2/data/xhub/boards/XilinxBoardStore/boards/Xilinx/zcu670ld/1.0/board.xml as part xczu57dr-fsve1156-2-i specified in board_part file is either invalid or not available
INFO: [filemgmt 56-3] Default IP Output Path : Could not find the directory 'C:/Users/liyon/Desktop/Kernel_rbf/Kernel_rbf.gen/sources_1'.
Scanning sources...
Finished scanning sources
WARNING: [Board 49-151] The current board 'digilentinc.com::basys3:1.2' is from a local repo. The vivado install has a corresponding board with version greater than or equal to the local repo board. Please use boards from vivado install to avoid any upgrade/migrate issues
INFO: [IP_Flow 19-234] Refreshing IP repositories
INFO: [IP_Flow 19-1704] No user IP repositories specified
INFO: [IP_Flow 19-2313] Loaded Vivado IP repository 'C:/Xilinx/Vivado/2022.2/data/ip'.
open_project: Time (s): cpu = 00:00:17 ; elapsed = 00:00:12 . Memory (MB): peak = 1182.242 ; gain = 226.719
update_compile_order -fileset sources_1
synth_design -rtl -rtl_skip_mlo -name rtl_1
Command: synth_design -rtl -rtl_skip_mlo -name rtl_1
Starting synth_design
Using part: xc7a35tcpg236-1
Top: Kernel_rbf
INFO: [Device 21-403] Loading part xc7a35tcpg236-1
INFO: [Synth 8-11241] undeclared symbol 'REGCCE', assumed default net type 'wire' [C:/Xilinx/Vivado/2022.2/data/verilog/src/unimacro/BRAM_SINGLE_MACRO.v:2170]
---------------------------------------------------------------------------------
Starting RTL Elaboration : Time (s): cpu = 00:00:05 ; elapsed = 00:00:07 . Memory (MB): peak = 1916.039 ; gain = 396.203
---------------------------------------------------------------------------------
INFO: [Synth 8-638] synthesizing module 'Kernel_rbf' [C:/Users/liyon/Desktop/Kernel_rbf/Kernel_rbf.srcs/sources_1/new/Kernel_rbf.vhd:56]
INFO: [Synth 8-3491] module 'Square_Difference' declared at 'C:/Users/liyon/Desktop/Kernel_rbf/Kernel_rbf.srcs/sources_1/imports/SVM/Square_Difference.vhd:34' bound to instance 'Square_Difference_0' of component 'Square_Difference' [C:/Users/liyon/Desktop/Kernel_rbf/Kernel_rbf.srcs/sources_1/new/Kernel_rbf.vhd:123]
INFO: [Synth 8-638] synthesizing module 'Square_Difference' [C:/Users/liyon/Desktop/Kernel_rbf/Kernel_rbf.srcs/sources_1/imports/SVM/Square_Difference.vhd:42]
INFO: [Synth 8-3491] module 'Subtractor_28bits' declared at 'C:/Users/liyon/Desktop/Kernel_rbf/Kernel_rbf.srcs/sources_1/imports/SVM/Subtractor_28bits.vhd:36' bound to instance 'Subtractor_28bits_0' of component 'Subtractor_28bits' [C:/Users/liyon/Desktop/Kernel_rbf/Kernel_rbf.srcs/sources_1/imports/SVM/Square_Difference.vhd:65]
INFO: [Synth 8-638] synthesizing module 'Subtractor_28bits' [C:/Users/liyon/Desktop/Kernel_rbf/Kernel_rbf.srcs/sources_1/imports/SVM/Subtractor_28bits.vhd:44]
INFO: [Synth 8-3491] module 'Negate_28bits' declared at 'C:/Users/liyon/Desktop/Kernel_rbf/Kernel_rbf.srcs/sources_1/imports/SVM/Negate_28bits.vhd:34' bound to instance 'Negate_28bits_0' of component 'Negate_28bits' [C:/Users/liyon/Desktop/Kernel_rbf/Kernel_rbf.srcs/sources_1/imports/SVM/Subtractor_28bits.vhd:67]
INFO: [Synth 8-638] synthesizing module 'Negate_28bits' [C:/Users/liyon/Desktop/Kernel_rbf/Kernel_rbf.srcs/sources_1/imports/SVM/Negate_28bits.vhd:40]
INFO: [Synth 8-3491] module 'Twos_Complement_28bits' declared at 'C:/Users/liyon/Desktop/Kernel_rbf/Kernel_rbf.srcs/sources_1/imports/SVM/Twos_Complement_28bits.vhd:35' bound to instance 'Twos_Complement_0' of component 'Twos_Complement_28bits' [C:/Users/liyon/Desktop/Kernel_rbf/Kernel_rbf.srcs/sources_1/imports/SVM/Negate_28bits.vhd:59]
INFO: [Synth 8-638] synthesizing module 'Twos_Complement_28bits' [C:/Users/liyon/Desktop/Kernel_rbf/Kernel_rbf.srcs/sources_1/imports/SVM/Twos_Complement_28bits.vhd:41]
INFO: [Synth 8-256] done synthesizing module 'Twos_Complement_28bits' (0#1) [C:/Users/liyon/Desktop/Kernel_rbf/Kernel_rbf.srcs/sources_1/imports/SVM/Twos_Complement_28bits.vhd:41]
INFO: [Synth 8-3491] module 'Twos_Complement_Inv_28bits' declared at 'C:/Users/liyon/Desktop/Kernel_rbf/Kernel_rbf.srcs/sources_1/imports/SVM/Twos_Complement_Inv_28bits.vhd:35' bound to instance 'Twos_Complement_Inv_0' of component 'Twos_Complement_Inv_28bits' [C:/Users/liyon/Desktop/Kernel_rbf/Kernel_rbf.srcs/sources_1/imports/SVM/Negate_28bits.vhd:63]
INFO: [Synth 8-638] synthesizing module 'Twos_Complement_Inv_28bits' [C:/Users/liyon/Desktop/Kernel_rbf/Kernel_rbf.srcs/sources_1/imports/SVM/Twos_Complement_Inv_28bits.vhd:41]
INFO: [Synth 8-256] done synthesizing module 'Twos_Complement_Inv_28bits' (0#1) [C:/Users/liyon/Desktop/Kernel_rbf/Kernel_rbf.srcs/sources_1/imports/SVM/Twos_Complement_Inv_28bits.vhd:41]
INFO: [Synth 8-256] done synthesizing module 'Negate_28bits' (0#1) [C:/Users/liyon/Desktop/Kernel_rbf/Kernel_rbf.srcs/sources_1/imports/SVM/Negate_28bits.vhd:40]
INFO: [Synth 8-3491] module 'Adder_Unsigned_28bits' declared at 'C:/Users/liyon/Desktop/Kernel_rbf/Kernel_rbf.srcs/sources_1/imports/SVM/Adder_Unsigned_28bits.vhd:34' bound to instance 'Adder_Unsigned_28bits_0' of component 'Adder_Unsigned_28bits' [C:/Users/liyon/Desktop/Kernel_rbf/Kernel_rbf.srcs/sources_1/imports/SVM/Subtractor_28bits.vhd:71]
INFO: [Synth 8-638] synthesizing module 'Adder_Unsigned_28bits' [C:/Users/liyon/Desktop/Kernel_rbf/Kernel_rbf.srcs/sources_1/imports/SVM/Adder_Unsigned_28bits.vhd:43]
INFO: [Synth 8-3491] module 'Adder_Unsigned_4bits' declared at 'C:/Users/liyon/Desktop/Kernel_rbf/Kernel_rbf.srcs/sources_1/imports/SVM/Adder_Unsigned_4bits.vhd:34' bound to instance 'Adder_Unsigned_4bits_0' of component 'Adder_Unsigned_4bits' [C:/Users/liyon/Desktop/Kernel_rbf/Kernel_rbf.srcs/sources_1/imports/SVM/Adder_Unsigned_28bits.vhd:81]
INFO: [Synth 8-638] synthesizing module 'Adder_Unsigned_4bits' [C:/Users/liyon/Desktop/Kernel_rbf/Kernel_rbf.srcs/sources_1/imports/SVM/Adder_Unsigned_4bits.vhd:43]
INFO: [Synth 8-3491] module 'Adder_Unsigned_1bit' declared at 'C:/Users/liyon/Desktop/Kernel_rbf/Kernel_rbf.srcs/sources_1/imports/SVM/Adder_Unsigned_1bit.vhd:34' bound to instance 'Adder_Unsigned_1bit_0' of component 'Adder_Unsigned_1bit' [C:/Users/liyon/Desktop/Kernel_rbf/Kernel_rbf.srcs/sources_1/imports/SVM/Adder_Unsigned_4bits.vhd:65]
INFO: [Synth 8-638] synthesizing module 'Adder_Unsigned_1bit' [C:/Users/liyon/Desktop/Kernel_rbf/Kernel_rbf.srcs/sources_1/imports/SVM/Adder_Unsigned_1bit.vhd:43]
INFO: [Synth 8-256] done synthesizing module 'Adder_Unsigned_1bit' (0#1) [C:/Users/liyon/Desktop/Kernel_rbf/Kernel_rbf.srcs/sources_1/imports/SVM/Adder_Unsigned_1bit.vhd:43]
INFO: [Synth 8-3491] module 'Adder_Unsigned_1bit' declared at 'C:/Users/liyon/Desktop/Kernel_rbf/Kernel_rbf.srcs/sources_1/imports/SVM/Adder_Unsigned_1bit.vhd:34' bound to instance 'Adder_Unsigned_1bit_1' of component 'Adder_Unsigned_1bit' [C:/Users/liyon/Desktop/Kernel_rbf/Kernel_rbf.srcs/sources_1/imports/SVM/Adder_Unsigned_4bits.vhd:73]
INFO: [Synth 8-3491] module 'Adder_Unsigned_1bit' declared at 'C:/Users/liyon/Desktop/Kernel_rbf/Kernel_rbf.srcs/sources_1/imports/SVM/Adder_Unsigned_1bit.vhd:34' bound to instance 'Adder_Unsigned_1bit_2' of component 'Adder_Unsigned_1bit' [C:/Users/liyon/Desktop/Kernel_rbf/Kernel_rbf.srcs/sources_1/imports/SVM/Adder_Unsigned_4bits.vhd:81]
INFO: [Synth 8-3491] module 'Adder_Unsigned_1bit' declared at 'C:/Users/liyon/Desktop/Kernel_rbf/Kernel_rbf.srcs/sources_1/imports/SVM/Adder_Unsigned_1bit.vhd:34' bound to instance 'Adder_Unsigned_1bit_3' of component 'Adder_Unsigned_1bit' [C:/Users/liyon/Desktop/Kernel_rbf/Kernel_rbf.srcs/sources_1/imports/SVM/Adder_Unsigned_4bits.vhd:89]
INFO: [Synth 8-256] done synthesizing module 'Adder_Unsigned_4bits' (0#1) [C:/Users/liyon/Desktop/Kernel_rbf/Kernel_rbf.srcs/sources_1/imports/SVM/Adder_Unsigned_4bits.vhd:43]
INFO: [Synth 8-3491] module 'Adder_Unsigned_8bits' declared at 'C:/Users/liyon/Desktop/Kernel_rbf/Kernel_rbf.srcs/sources_1/imports/SVM/Adder_Unsigned_8bits.vhd:34' bound to instance 'Adder_Unsigned_8bits_0' of component 'Adder_Unsigned_8bits' [C:/Users/liyon/Desktop/Kernel_rbf/Kernel_rbf.srcs/sources_1/imports/SVM/Adder_Unsigned_28bits.vhd:89]
INFO: [Synth 8-638] synthesizing module 'Adder_Unsigned_8bits' [C:/Users/liyon/Desktop/Kernel_rbf/Kernel_rbf.srcs/sources_1/imports/SVM/Adder_Unsigned_8bits.vhd:43]
INFO: [Synth 8-3491] module 'Adder_Unsigned_4bits' declared at 'C:/Users/liyon/Desktop/Kernel_rbf/Kernel_rbf.srcs/sources_1/imports/SVM/Adder_Unsigned_4bits.vhd:34' bound to instance 'Adder_Unsigned_4bits_0' of component 'Adder_Unsigned_4bits' [C:/Users/liyon/Desktop/Kernel_rbf/Kernel_rbf.srcs/sources_1/imports/SVM/Adder_Unsigned_8bits.vhd:61]
INFO: [Synth 8-3491] module 'Adder_Unsigned_4bits' declared at 'C:/Users/liyon/Desktop/Kernel_rbf/Kernel_rbf.srcs/sources_1/imports/SVM/Adder_Unsigned_4bits.vhd:34' bound to instance 'Adder_Unsigned_4bits_1' of component 'Adder_Unsigned_4bits' [C:/Users/liyon/Desktop/Kernel_rbf/Kernel_rbf.srcs/sources_1/imports/SVM/Adder_Unsigned_8bits.vhd:69]
INFO: [Synth 8-256] done synthesizing module 'Adder_Unsigned_8bits' (0#1) [C:/Users/liyon/Desktop/Kernel_rbf/Kernel_rbf.srcs/sources_1/imports/SVM/Adder_Unsigned_8bits.vhd:43]
INFO: [Synth 8-3491] module 'Adder_Unsigned_16bits' declared at 'C:/Users/liyon/Desktop/Kernel_rbf/Kernel_rbf.srcs/sources_1/imports/SVM/Adder_Unsigned_16bits.vhd:34' bound to instance 'Adder_Unsigned_16bits_0' of component 'Adder_Unsigned_16bits' [C:/Users/liyon/Desktop/Kernel_rbf/Kernel_rbf.srcs/sources_1/imports/SVM/Adder_Unsigned_28bits.vhd:97]
INFO: [Synth 8-638] synthesizing module 'Adder_Unsigned_16bits' [C:/Users/liyon/Desktop/Kernel_rbf/Kernel_rbf.srcs/sources_1/imports/SVM/Adder_Unsigned_16bits.vhd:43]
INFO: [Synth 8-3491] module 'Adder_Unsigned_8bits' declared at 'C:/Users/liyon/Desktop/Kernel_rbf/Kernel_rbf.srcs/sources_1/imports/SVM/Adder_Unsigned_8bits.vhd:34' bound to instance 'Adder_Unsigned_8bits_0' of component 'Adder_Unsigned_8bits' [C:/Users/liyon/Desktop/Kernel_rbf/Kernel_rbf.srcs/sources_1/imports/SVM/Adder_Unsigned_16bits.vhd:61]
INFO: [Synth 8-3491] module 'Adder_Unsigned_8bits' declared at 'C:/Users/liyon/Desktop/Kernel_rbf/Kernel_rbf.srcs/sources_1/imports/SVM/Adder_Unsigned_8bits.vhd:34' bound to instance 'Adder_Unsigned_8bits_1' of component 'Adder_Unsigned_8bits' [C:/Users/liyon/Desktop/Kernel_rbf/Kernel_rbf.srcs/sources_1/imports/SVM/Adder_Unsigned_16bits.vhd:69]
INFO: [Synth 8-256] done synthesizing module 'Adder_Unsigned_16bits' (0#1) [C:/Users/liyon/Desktop/Kernel_rbf/Kernel_rbf.srcs/sources_1/imports/SVM/Adder_Unsigned_16bits.vhd:43]
INFO: [Synth 8-256] done synthesizing module 'Adder_Unsigned_28bits' (0#1) [C:/Users/liyon/Desktop/Kernel_rbf/Kernel_rbf.srcs/sources_1/imports/SVM/Adder_Unsigned_28bits.vhd:43]
INFO: [Synth 8-256] done synthesizing module 'Subtractor_28bits' (0#1) [C:/Users/liyon/Desktop/Kernel_rbf/Kernel_rbf.srcs/sources_1/imports/SVM/Subtractor_28bits.vhd:44]
INFO: [Synth 8-3491] module 'Square_28bits' declared at 'C:/Users/liyon/Desktop/Kernel_rbf/Kernel_rbf.srcs/sources_1/imports/SVM/Square_28bits.vhd:34' bound to instance 'Square_28bits_0' of component 'Square_28bits' [C:/Users/liyon/Desktop/Kernel_rbf/Kernel_rbf.srcs/sources_1/imports/SVM/Square_Difference.vhd:72]
INFO: [Synth 8-638] synthesizing module 'Square_28bits' [C:/Users/liyon/Desktop/Kernel_rbf/Kernel_rbf.srcs/sources_1/imports/SVM/Square_28bits.vhd:41]
INFO: [Synth 8-3491] module 'Twos_Complement_Inv_28bits' declared at 'C:/Users/liyon/Desktop/Kernel_rbf/Kernel_rbf.srcs/sources_1/imports/SVM/Twos_Complement_Inv_28bits.vhd:35' bound to instance 'Twos_Complement_Inv_0' of component 'Twos_Complement_Inv_28bits' [C:/Users/liyon/Desktop/Kernel_rbf/Kernel_rbf.srcs/sources_1/imports/SVM/Square_28bits.vhd:61]
INFO: [Synth 8-3491] module 'Multiplier_28bits' declared at 'C:/Users/liyon/Desktop/Kernel_rbf/Kernel_rbf.srcs/sources_1/imports/SVM/Multiplier_28bits.vhd:34' bound to instance 'Multiplier_28bits_0' of component 'Multiplier_28bits' [C:/Users/liyon/Desktop/Kernel_rbf/Kernel_rbf.srcs/sources_1/imports/SVM/Square_28bits.vhd:65]
INFO: [Synth 8-638] synthesizing module 'Multiplier_28bits' [C:/Users/liyon/Desktop/Kernel_rbf/Kernel_rbf.srcs/sources_1/imports/SVM/Multiplier_28bits.vhd:41]
INFO: [Synth 8-3491] module 'Adder_Unsigned_56bits' declared at 'C:/Users/liyon/Desktop/Kernel_rbf/Kernel_rbf.srcs/sources_1/imports/SVM/Adder_Unsigned_56bits.vhd:34' bound to instance 'Adder_Unsigned_56bits_0' of component 'Adder_Unsigned_56bits' [C:/Users/liyon/Desktop/Kernel_rbf/Kernel_rbf.srcs/sources_1/imports/SVM/Multiplier_28bits.vhd:195]
INFO: [Synth 8-638] synthesizing module 'Adder_Unsigned_56bits' [C:/Users/liyon/Desktop/Kernel_rbf/Kernel_rbf.srcs/sources_1/imports/SVM/Adder_Unsigned_56bits.vhd:43]
INFO: [Synth 8-3491] module 'Adder_Unsigned_8bits' declared at 'C:/Users/liyon/Desktop/Kernel_rbf/Kernel_rbf.srcs/sources_1/imports/SVM/Adder_Unsigned_8bits.vhd:34' bound to instance 'Adder_Unsigned_8bits_0' of component 'Adder_Unsigned_8bits' [C:/Users/liyon/Desktop/Kernel_rbf/Kernel_rbf.srcs/sources_1/imports/SVM/Adder_Unsigned_56bits.vhd:81]
INFO: [Synth 8-3491] module 'Adder_Unsigned_16bits' declared at 'C:/Users/liyon/Desktop/Kernel_rbf/Kernel_rbf.srcs/sources_1/imports/SVM/Adder_Unsigned_16bits.vhd:34' bound to instance 'Adder_Unsigned_16bits_0' of component 'Adder_Unsigned_16bits' [C:/Users/liyon/Desktop/Kernel_rbf/Kernel_rbf.srcs/sources_1/imports/SVM/Adder_Unsigned_56bits.vhd:89]
INFO: [Synth 8-3491] module 'Adder_Unsigned_32bits' declared at 'C:/Users/liyon/Desktop/Kernel_rbf/Kernel_rbf.srcs/sources_1/imports/SVM/Adder_Unsigned_32bits.vhd:34' bound to instance 'Adder_Unsigned_32bits_0' of component 'Adder_Unsigned_32bits' [C:/Users/liyon/Desktop/Kernel_rbf/Kernel_rbf.srcs/sources_1/imports/SVM/Adder_Unsigned_56bits.vhd:97]
INFO: [Synth 8-638] synthesizing module 'Adder_Unsigned_32bits' [C:/Users/liyon/Desktop/Kernel_rbf/Kernel_rbf.srcs/sources_1/imports/SVM/Adder_Unsigned_32bits.vhd:43]
INFO: [Synth 8-3491] module 'Adder_Unsigned_16bits' declared at 'C:/Users/liyon/Desktop/Kernel_rbf/Kernel_rbf.srcs/sources_1/imports/SVM/Adder_Unsigned_16bits.vhd:34' bound to instance 'Adder_Unsigned_16bits_0' of component 'Adder_Unsigned_16bits' [C:/Users/liyon/Desktop/Kernel_rbf/Kernel_rbf.srcs/sources_1/imports/SVM/Adder_Unsigned_32bits.vhd:61]
INFO: [Synth 8-3491] module 'Adder_Unsigned_16bits' declared at 'C:/Users/liyon/Desktop/Kernel_rbf/Kernel_rbf.srcs/sources_1/imports/SVM/Adder_Unsigned_16bits.vhd:34' bound to instance 'Adder_Unsigned_16bits_1' of component 'Adder_Unsigned_16bits' [C:/Users/liyon/Desktop/Kernel_rbf/Kernel_rbf.srcs/sources_1/imports/SVM/Adder_Unsigned_32bits.vhd:69]
INFO: [Synth 8-256] done synthesizing module 'Adder_Unsigned_32bits' (0#1) [C:/Users/liyon/Desktop/Kernel_rbf/Kernel_rbf.srcs/sources_1/imports/SVM/Adder_Unsigned_32bits.vhd:43]
INFO: [Synth 8-256] done synthesizing module 'Adder_Unsigned_56bits' (0#1) [C:/Users/liyon/Desktop/Kernel_rbf/Kernel_rbf.srcs/sources_1/imports/SVM/Adder_Unsigned_56bits.vhd:43]
INFO: [Synth 8-3491] module 'Adder_Unsigned_56bits' declared at 'C:/Users/liyon/Desktop/Kernel_rbf/Kernel_rbf.srcs/sources_1/imports/SVM/Adder_Unsigned_56bits.vhd:34' bound to instance 'Adder_Unsigned_56bits_1' of component 'Adder_Unsigned_56bits' [C:/Users/liyon/Desktop/Kernel_rbf/Kernel_rbf.srcs/sources_1/imports/SVM/Multiplier_28bits.vhd:203]
INFO: [Synth 8-3491] module 'Adder_Unsigned_56bits' declared at 'C:/Users/liyon/Desktop/Kernel_rbf/Kernel_rbf.srcs/sources_1/imports/SVM/Adder_Unsigned_56bits.vhd:34' bound to instance 'Adder_Unsigned_56bits_2' of component 'Adder_Unsigned_56bits' [C:/Users/liyon/Desktop/Kernel_rbf/Kernel_rbf.srcs/sources_1/imports/SVM/Multiplier_28bits.vhd:211]
INFO: [Synth 8-3491] module 'Adder_Unsigned_56bits' declared at 'C:/Users/liyon/Desktop/Kernel_rbf/Kernel_rbf.srcs/sources_1/imports/SVM/Adder_Unsigned_56bits.vhd:34' bound to instance 'Adder_Unsigned_56bits_3' of component 'Adder_Unsigned_56bits' [C:/Users/liyon/Desktop/Kernel_rbf/Kernel_rbf.srcs/sources_1/imports/SVM/Multiplier_28bits.vhd:219]
INFO: [Synth 8-3491] module 'Adder_Unsigned_56bits' declared at 'C:/Users/liyon/Desktop/Kernel_rbf/Kernel_rbf.srcs/sources_1/imports/SVM/Adder_Unsigned_56bits.vhd:34' bound to instance 'Adder_Unsigned_56bits_4' of component 'Adder_Unsigned_56bits' [C:/Users/liyon/Desktop/Kernel_rbf/Kernel_rbf.srcs/sources_1/imports/SVM/Multiplier_28bits.vhd:227]
INFO: [Synth 8-3491] module 'Adder_Unsigned_56bits' declared at 'C:/Users/liyon/Desktop/Kernel_rbf/Kernel_rbf.srcs/sources_1/imports/SVM/Adder_Unsigned_56bits.vhd:34' bound to instance 'Adder_Unsigned_56bits_5' of component 'Adder_Unsigned_56bits' [C:/Users/liyon/Desktop/Kernel_rbf/Kernel_rbf.srcs/sources_1/imports/SVM/Multiplier_28bits.vhd:235]
INFO: [Synth 8-3491] module 'Adder_Unsigned_56bits' declared at 'C:/Users/liyon/Desktop/Kernel_rbf/Kernel_rbf.srcs/sources_1/imports/SVM/Adder_Unsigned_56bits.vhd:34' bound to instance 'Adder_Unsigned_56bits_6' of component 'Adder_Unsigned_56bits' [C:/Users/liyon/Desktop/Kernel_rbf/Kernel_rbf.srcs/sources_1/imports/SVM/Multiplier_28bits.vhd:243]
INFO: [Synth 8-3491] module 'Adder_Unsigned_56bits' declared at 'C:/Users/liyon/Desktop/Kernel_rbf/Kernel_rbf.srcs/sources_1/imports/SVM/Adder_Unsigned_56bits.vhd:34' bound to instance 'Adder_Unsigned_56bits_7' of component 'Adder_Unsigned_56bits' [C:/Users/liyon/Desktop/Kernel_rbf/Kernel_rbf.srcs/sources_1/imports/SVM/Multiplier_28bits.vhd:251]
INFO: [Synth 8-3491] module 'Adder_Unsigned_56bits' declared at 'C:/Users/liyon/Desktop/Kernel_rbf/Kernel_rbf.srcs/sources_1/imports/SVM/Adder_Unsigned_56bits.vhd:34' bound to instance 'Adder_Unsigned_56bits_8' of component 'Adder_Unsigned_56bits' [C:/Users/liyon/Desktop/Kernel_rbf/Kernel_rbf.srcs/sources_1/imports/SVM/Multiplier_28bits.vhd:259]
INFO: [Synth 8-3491] module 'Adder_Unsigned_56bits' declared at 'C:/Users/liyon/Desktop/Kernel_rbf/Kernel_rbf.srcs/sources_1/imports/SVM/Adder_Unsigned_56bits.vhd:34' bound to instance 'Adder_Unsigned_56bits_9' of component 'Adder_Unsigned_56bits' [C:/Users/liyon/Desktop/Kernel_rbf/Kernel_rbf.srcs/sources_1/imports/SVM/Multiplier_28bits.vhd:267]
INFO: [Synth 8-3491] module 'Adder_Unsigned_56bits' declared at 'C:/Users/liyon/Desktop/Kernel_rbf/Kernel_rbf.srcs/sources_1/imports/SVM/Adder_Unsigned_56bits.vhd:34' bound to instance 'Adder_Unsigned_56bits_10' of component 'Adder_Unsigned_56bits' [C:/Users/liyon/Desktop/Kernel_rbf/Kernel_rbf.srcs/sources_1/imports/SVM/Multiplier_28bits.vhd:275]
INFO: [Synth 8-3491] module 'Adder_Unsigned_56bits' declared at 'C:/Users/liyon/Desktop/Kernel_rbf/Kernel_rbf.srcs/sources_1/imports/SVM/Adder_Unsigned_56bits.vhd:34' bound to instance 'Adder_Unsigned_56bits_11' of component 'Adder_Unsigned_56bits' [C:/Users/liyon/Desktop/Kernel_rbf/Kernel_rbf.srcs/sources_1/imports/SVM/Multiplier_28bits.vhd:283]
INFO: [Synth 8-3491] module 'Adder_Unsigned_56bits' declared at 'C:/Users/liyon/Desktop/Kernel_rbf/Kernel_rbf.srcs/sources_1/imports/SVM/Adder_Unsigned_56bits.vhd:34' bound to instance 'Adder_Unsigned_56bits_12' of component 'Adder_Unsigned_56bits' [C:/Users/liyon/Desktop/Kernel_rbf/Kernel_rbf.srcs/sources_1/imports/SVM/Multiplier_28bits.vhd:291]
INFO: [Synth 8-3491] module 'Adder_Unsigned_56bits' declared at 'C:/Users/liyon/Desktop/Kernel_rbf/Kernel_rbf.srcs/sources_1/imports/SVM/Adder_Unsigned_56bits.vhd:34' bound to instance 'Adder_Unsigned_56bits_13' of component 'Adder_Unsigned_56bits' [C:/Users/liyon/Desktop/Kernel_rbf/Kernel_rbf.srcs/sources_1/imports/SVM/Multiplier_28bits.vhd:299]
INFO: [Synth 8-3491] module 'Adder_Unsigned_56bits' declared at 'C:/Users/liyon/Desktop/Kernel_rbf/Kernel_rbf.srcs/sources_1/imports/SVM/Adder_Unsigned_56bits.vhd:34' bound to instance 'Adder_Unsigned_56bits_14' of component 'Adder_Unsigned_56bits' [C:/Users/liyon/Desktop/Kernel_rbf/Kernel_rbf.srcs/sources_1/imports/SVM/Multiplier_28bits.vhd:307]
INFO: [Synth 8-3491] module 'Adder_Unsigned_56bits' declared at 'C:/Users/liyon/Desktop/Kernel_rbf/Kernel_rbf.srcs/sources_1/imports/SVM/Adder_Unsigned_56bits.vhd:34' bound to instance 'Adder_Unsigned_56bits_15' of component 'Adder_Unsigned_56bits' [C:/Users/liyon/Desktop/Kernel_rbf/Kernel_rbf.srcs/sources_1/imports/SVM/Multiplier_28bits.vhd:315]
INFO: [Synth 8-3491] module 'Adder_Unsigned_56bits' declared at 'C:/Users/liyon/Desktop/Kernel_rbf/Kernel_rbf.srcs/sources_1/imports/SVM/Adder_Unsigned_56bits.vhd:34' bound to instance 'Adder_Unsigned_56bits_16' of component 'Adder_Unsigned_56bits' [C:/Users/liyon/Desktop/Kernel_rbf/Kernel_rbf.srcs/sources_1/imports/SVM/Multiplier_28bits.vhd:323]
INFO: [Synth 8-3491] module 'Adder_Unsigned_56bits' declared at 'C:/Users/liyon/Desktop/Kernel_rbf/Kernel_rbf.srcs/sources_1/imports/SVM/Adder_Unsigned_56bits.vhd:34' bound to instance 'Adder_Unsigned_56bits_17' of component 'Adder_Unsigned_56bits' [C:/Users/liyon/Desktop/Kernel_rbf/Kernel_rbf.srcs/sources_1/imports/SVM/Multiplier_28bits.vhd:331]
INFO: [Synth 8-3491] module 'Adder_Unsigned_56bits' declared at 'C:/Users/liyon/Desktop/Kernel_rbf/Kernel_rbf.srcs/sources_1/imports/SVM/Adder_Unsigned_56bits.vhd:34' bound to instance 'Adder_Unsigned_56bits_18' of component 'Adder_Unsigned_56bits' [C:/Users/liyon/Desktop/Kernel_rbf/Kernel_rbf.srcs/sources_1/imports/SVM/Multiplier_28bits.vhd:339]
INFO: [Synth 8-3491] module 'Adder_Unsigned_56bits' declared at 'C:/Users/liyon/Desktop/Kernel_rbf/Kernel_rbf.srcs/sources_1/imports/SVM/Adder_Unsigned_56bits.vhd:34' bound to instance 'Adder_Unsigned_56bits_19' of component 'Adder_Unsigned_56bits' [C:/Users/liyon/Desktop/Kernel_rbf/Kernel_rbf.srcs/sources_1/imports/SVM/Multiplier_28bits.vhd:347]
INFO: [Synth 8-3491] module 'Adder_Unsigned_56bits' declared at 'C:/Users/liyon/Desktop/Kernel_rbf/Kernel_rbf.srcs/sources_1/imports/SVM/Adder_Unsigned_56bits.vhd:34' bound to instance 'Adder_Unsigned_56bits_20' of component 'Adder_Unsigned_56bits' [C:/Users/liyon/Desktop/Kernel_rbf/Kernel_rbf.srcs/sources_1/imports/SVM/Multiplier_28bits.vhd:355]
INFO: [Synth 8-3491] module 'Adder_Unsigned_56bits' declared at 'C:/Users/liyon/Desktop/Kernel_rbf/Kernel_rbf.srcs/sources_1/imports/SVM/Adder_Unsigned_56bits.vhd:34' bound to instance 'Adder_Unsigned_56bits_21' of component 'Adder_Unsigned_56bits' [C:/Users/liyon/Desktop/Kernel_rbf/Kernel_rbf.srcs/sources_1/imports/SVM/Multiplier_28bits.vhd:363]
INFO: [Synth 8-3491] module 'Adder_Unsigned_56bits' declared at 'C:/Users/liyon/Desktop/Kernel_rbf/Kernel_rbf.srcs/sources_1/imports/SVM/Adder_Unsigned_56bits.vhd:34' bound to instance 'Adder_Unsigned_56bits_22' of component 'Adder_Unsigned_56bits' [C:/Users/liyon/Desktop/Kernel_rbf/Kernel_rbf.srcs/sources_1/imports/SVM/Multiplier_28bits.vhd:371]
INFO: [Synth 8-3491] module 'Adder_Unsigned_56bits' declared at 'C:/Users/liyon/Desktop/Kernel_rbf/Kernel_rbf.srcs/sources_1/imports/SVM/Adder_Unsigned_56bits.vhd:34' bound to instance 'Adder_Unsigned_56bits_23' of component 'Adder_Unsigned_56bits' [C:/Users/liyon/Desktop/Kernel_rbf/Kernel_rbf.srcs/sources_1/imports/SVM/Multiplier_28bits.vhd:379]
INFO: [Synth 8-3491] module 'Adder_Unsigned_56bits' declared at 'C:/Users/liyon/Desktop/Kernel_rbf/Kernel_rbf.srcs/sources_1/imports/SVM/Adder_Unsigned_56bits.vhd:34' bound to instance 'Adder_Unsigned_56bits_24' of component 'Adder_Unsigned_56bits' [C:/Users/liyon/Desktop/Kernel_rbf/Kernel_rbf.srcs/sources_1/imports/SVM/Multiplier_28bits.vhd:387]
INFO: [Synth 8-3491] module 'Adder_Unsigned_56bits' declared at 'C:/Users/liyon/Desktop/Kernel_rbf/Kernel_rbf.srcs/sources_1/imports/SVM/Adder_Unsigned_56bits.vhd:34' bound to instance 'Adder_Unsigned_56bits_25' of component 'Adder_Unsigned_56bits' [C:/Users/liyon/Desktop/Kernel_rbf/Kernel_rbf.srcs/sources_1/imports/SVM/Multiplier_28bits.vhd:395]
INFO: [Synth 8-3491] module 'Adder_Unsigned_56bits' declared at 'C:/Users/liyon/Desktop/Kernel_rbf/Kernel_rbf.srcs/sources_1/imports/SVM/Adder_Unsigned_56bits.vhd:34' bound to instance 'Adder_Unsigned_56bits_26' of component 'Adder_Unsigned_56bits' [C:/Users/liyon/Desktop/Kernel_rbf/Kernel_rbf.srcs/sources_1/imports/SVM/Multiplier_28bits.vhd:403]
INFO: [Synth 8-256] done synthesizing module 'Multiplier_28bits' (0#1) [C:/Users/liyon/Desktop/Kernel_rbf/Kernel_rbf.srcs/sources_1/imports/SVM/Multiplier_28bits.vhd:41]
INFO: [Synth 8-256] done synthesizing module 'Square_28bits' (0#1) [C:/Users/liyon/Desktop/Kernel_rbf/Kernel_rbf.srcs/sources_1/imports/SVM/Square_28bits.vhd:41]
INFO: [Synth 8-256] done synthesizing module 'Square_Difference' (0#1) [C:/Users/liyon/Desktop/Kernel_rbf/Kernel_rbf.srcs/sources_1/imports/SVM/Square_Difference.vhd:42]
INFO: [Synth 8-3491] module 'Square_Difference' declared at 'C:/Users/liyon/Desktop/Kernel_rbf/Kernel_rbf.srcs/sources_1/imports/SVM/Square_Difference.vhd:34' bound to instance 'Square_Difference_1' of component 'Square_Difference' [C:/Users/liyon/Desktop/Kernel_rbf/Kernel_rbf.srcs/sources_1/new/Kernel_rbf.vhd:130]
INFO: [Synth 8-3491] module 'Square_Difference' declared at 'C:/Users/liyon/Desktop/Kernel_rbf/Kernel_rbf.srcs/sources_1/imports/SVM/Square_Difference.vhd:34' bound to instance 'Square_Difference_2' of component 'Square_Difference' [C:/Users/liyon/Desktop/Kernel_rbf/Kernel_rbf.srcs/sources_1/new/Kernel_rbf.vhd:137]
INFO: [Synth 8-3491] module 'Square_Difference' declared at 'C:/Users/liyon/Desktop/Kernel_rbf/Kernel_rbf.srcs/sources_1/imports/SVM/Square_Difference.vhd:34' bound to instance 'Square_Difference_3' of component 'Square_Difference' [C:/Users/liyon/Desktop/Kernel_rbf/Kernel_rbf.srcs/sources_1/new/Kernel_rbf.vhd:144]
INFO: [Synth 8-3491] module 'Square_Difference' declared at 'C:/Users/liyon/Desktop/Kernel_rbf/Kernel_rbf.srcs/sources_1/imports/SVM/Square_Difference.vhd:34' bound to instance 'Square_Difference_4' of component 'Square_Difference' [C:/Users/liyon/Desktop/Kernel_rbf/Kernel_rbf.srcs/sources_1/new/Kernel_rbf.vhd:151]
INFO: [Synth 8-3491] module 'Square_Difference' declared at 'C:/Users/liyon/Desktop/Kernel_rbf/Kernel_rbf.srcs/sources_1/imports/SVM/Square_Difference.vhd:34' bound to instance 'Square_Difference_5' of component 'Square_Difference' [C:/Users/liyon/Desktop/Kernel_rbf/Kernel_rbf.srcs/sources_1/new/Kernel_rbf.vhd:158]
INFO: [Synth 8-3491] module 'Square_Difference' declared at 'C:/Users/liyon/Desktop/Kernel_rbf/Kernel_rbf.srcs/sources_1/imports/SVM/Square_Difference.vhd:34' bound to instance 'Square_Difference_6' of component 'Square_Difference' [C:/Users/liyon/Desktop/Kernel_rbf/Kernel_rbf.srcs/sources_1/new/Kernel_rbf.vhd:165]
INFO: [Synth 8-3491] module 'Square_Difference' declared at 'C:/Users/liyon/Desktop/Kernel_rbf/Kernel_rbf.srcs/sources_1/imports/SVM/Square_Difference.vhd:34' bound to instance 'Square_Difference_7' of component 'Square_Difference' [C:/Users/liyon/Desktop/Kernel_rbf/Kernel_rbf.srcs/sources_1/new/Kernel_rbf.vhd:172]
INFO: [Synth 8-3491] module 'Adder_Unsigned_44bits' declared at 'C:/Users/liyon/Desktop/Kernel_rbf/Kernel_rbf.srcs/sources_1/new/Adder_Unsigned_44bits.vhd:34' bound to instance 'Adder_Unsigned_44bits_00' of component 'Adder_Unsigned_44bits' [C:/Users/liyon/Desktop/Kernel_rbf/Kernel_rbf.srcs/sources_1/new/Kernel_rbf.vhd:179]
INFO: [Synth 8-638] synthesizing module 'Adder_Unsigned_44bits' [C:/Users/liyon/Desktop/Kernel_rbf/Kernel_rbf.srcs/sources_1/new/Adder_Unsigned_44bits.vhd:43]
INFO: [Synth 8-3491] module 'Adder_Unsigned_4bits' declared at 'C:/Users/liyon/Desktop/Kernel_rbf/Kernel_rbf.srcs/sources_1/imports/SVM/Adder_Unsigned_4bits.vhd:34' bound to instance 'Adder_Unsigned_4bits_0' of component 'Adder_Unsigned_4bits' [C:/Users/liyon/Desktop/Kernel_rbf/Kernel_rbf.srcs/sources_1/new/Adder_Unsigned_44bits.vhd:81]
INFO: [Synth 8-3491] module 'Adder_Unsigned_8bits' declared at 'C:/Users/liyon/Desktop/Kernel_rbf/Kernel_rbf.srcs/sources_1/imports/SVM/Adder_Unsigned_8bits.vhd:34' bound to instance 'Adder_Unsigned_8bits_0' of component 'Adder_Unsigned_8bits' [C:/Users/liyon/Desktop/Kernel_rbf/Kernel_rbf.srcs/sources_1/new/Adder_Unsigned_44bits.vhd:89]
INFO: [Synth 8-3491] module 'Adder_Unsigned_32bits' declared at 'C:/Users/liyon/Desktop/Kernel_rbf/Kernel_rbf.srcs/sources_1/imports/SVM/Adder_Unsigned_32bits.vhd:34' bound to instance 'Adder_Unsigned_32bits_0' of component 'Adder_Unsigned_32bits' [C:/Users/liyon/Desktop/Kernel_rbf/Kernel_rbf.srcs/sources_1/new/Adder_Unsigned_44bits.vhd:97]
INFO: [Synth 8-256] done synthesizing module 'Adder_Unsigned_44bits' (0#1) [C:/Users/liyon/Desktop/Kernel_rbf/Kernel_rbf.srcs/sources_1/new/Adder_Unsigned_44bits.vhd:43]
INFO: [Synth 8-3491] module 'Adder_Unsigned_44bits' declared at 'C:/Users/liyon/Desktop/Kernel_rbf/Kernel_rbf.srcs/sources_1/new/Adder_Unsigned_44bits.vhd:34' bound to instance 'Adder_Unsigned_44bits_01' of component 'Adder_Unsigned_44bits' [C:/Users/liyon/Desktop/Kernel_rbf/Kernel_rbf.srcs/sources_1/new/Kernel_rbf.vhd:187]
INFO: [Synth 8-3491] module 'Adder_Unsigned_44bits' declared at 'C:/Users/liyon/Desktop/Kernel_rbf/Kernel_rbf.srcs/sources_1/new/Adder_Unsigned_44bits.vhd:34' bound to instance 'Adder_Unsigned_44bits_02' of component 'Adder_Unsigned_44bits' [C:/Users/liyon/Desktop/Kernel_rbf/Kernel_rbf.srcs/sources_1/new/Kernel_rbf.vhd:195]
INFO: [Synth 8-3491] module 'Adder_Unsigned_44bits' declared at 'C:/Users/liyon/Desktop/Kernel_rbf/Kernel_rbf.srcs/sources_1/new/Adder_Unsigned_44bits.vhd:34' bound to instance 'Adder_Unsigned_44bits_03' of component 'Adder_Unsigned_44bits' [C:/Users/liyon/Desktop/Kernel_rbf/Kernel_rbf.srcs/sources_1/new/Kernel_rbf.vhd:203]
INFO: [Synth 8-3491] module 'Adder_Unsigned_44bits' declared at 'C:/Users/liyon/Desktop/Kernel_rbf/Kernel_rbf.srcs/sources_1/new/Adder_Unsigned_44bits.vhd:34' bound to instance 'Adder_Unsigned_44bits_10' of component 'Adder_Unsigned_44bits' [C:/Users/liyon/Desktop/Kernel_rbf/Kernel_rbf.srcs/sources_1/new/Kernel_rbf.vhd:211]
INFO: [Synth 8-3491] module 'Adder_Unsigned_44bits' declared at 'C:/Users/liyon/Desktop/Kernel_rbf/Kernel_rbf.srcs/sources_1/new/Adder_Unsigned_44bits.vhd:34' bound to instance 'Adder_Unsigned_44bits_11' of component 'Adder_Unsigned_44bits' [C:/Users/liyon/Desktop/Kernel_rbf/Kernel_rbf.srcs/sources_1/new/Kernel_rbf.vhd:219]
INFO: [Synth 8-3491] module 'Adder_Unsigned_44bits' declared at 'C:/Users/liyon/Desktop/Kernel_rbf/Kernel_rbf.srcs/sources_1/new/Adder_Unsigned_44bits.vhd:34' bound to instance 'Adder_Unsigned_44bits_20' of component 'Adder_Unsigned_44bits' [C:/Users/liyon/Desktop/Kernel_rbf/Kernel_rbf.srcs/sources_1/new/Kernel_rbf.vhd:227]
INFO: [Synth 8-3491] module 'Multiplier_gamma' declared at 'C:/Users/liyon/Desktop/Kernel_rbf/Kernel_rbf.srcs/sources_1/new/Multiplier_gamma.vhd:34' bound to instance 'Multiplier_gamma_0' of component 'Multiplier_gamma' [C:/Users/liyon/Desktop/Kernel_rbf/Kernel_rbf.srcs/sources_1/new/Kernel_rbf.vhd:235]
INFO: [Synth 8-638] synthesizing module 'Multiplier_gamma' [C:/Users/liyon/Desktop/Kernel_rbf/Kernel_rbf.srcs/sources_1/new/Multiplier_gamma.vhd:41]
INFO: [Synth 8-3491] module 'Adder_Unsigned_56bits' declared at 'C:/Users/liyon/Desktop/Kernel_rbf/Kernel_rbf.srcs/sources_1/imports/SVM/Adder_Unsigned_56bits.vhd:34' bound to instance 'Adder_Unsigned_56bits_0' of component 'Adder_Unsigned_56bits' [C:/Users/liyon/Desktop/Kernel_rbf/Kernel_rbf.srcs/sources_1/new/Multiplier_gamma.vhd:116]
INFO: [Synth 8-3491] module 'Adder_Unsigned_56bits' declared at 'C:/Users/liyon/Desktop/Kernel_rbf/Kernel_rbf.srcs/sources_1/imports/SVM/Adder_Unsigned_56bits.vhd:34' bound to instance 'Adder_Unsigned_56bits_1' of component 'Adder_Unsigned_56bits' [C:/Users/liyon/Desktop/Kernel_rbf/Kernel_rbf.srcs/sources_1/new/Multiplier_gamma.vhd:124]
INFO: [Synth 8-3491] module 'Adder_Unsigned_56bits' declared at 'C:/Users/liyon/Desktop/Kernel_rbf/Kernel_rbf.srcs/sources_1/imports/SVM/Adder_Unsigned_56bits.vhd:34' bound to instance 'Adder_Unsigned_56bits_2' of component 'Adder_Unsigned_56bits' [C:/Users/liyon/Desktop/Kernel_rbf/Kernel_rbf.srcs/sources_1/new/Multiplier_gamma.vhd:132]
INFO: [Synth 8-3491] module 'Adder_Unsigned_56bits' declared at 'C:/Users/liyon/Desktop/Kernel_rbf/Kernel_rbf.srcs/sources_1/imports/SVM/Adder_Unsigned_56bits.vhd:34' bound to instance 'Adder_Unsigned_56bits_3' of component 'Adder_Unsigned_56bits' [C:/Users/liyon/Desktop/Kernel_rbf/Kernel_rbf.srcs/sources_1/new/Multiplier_gamma.vhd:140]
INFO: [Synth 8-3491] module 'Adder_Unsigned_56bits' declared at 'C:/Users/liyon/Desktop/Kernel_rbf/Kernel_rbf.srcs/sources_1/imports/SVM/Adder_Unsigned_56bits.vhd:34' bound to instance 'Adder_Unsigned_56bits_4' of component 'Adder_Unsigned_56bits' [C:/Users/liyon/Desktop/Kernel_rbf/Kernel_rbf.srcs/sources_1/new/Multiplier_gamma.vhd:148]
INFO: [Synth 8-3491] module 'Adder_Unsigned_56bits' declared at 'C:/Users/liyon/Desktop/Kernel_rbf/Kernel_rbf.srcs/sources_1/imports/SVM/Adder_Unsigned_56bits.vhd:34' bound to instance 'Adder_Unsigned_56bits_5' of component 'Adder_Unsigned_56bits' [C:/Users/liyon/Desktop/Kernel_rbf/Kernel_rbf.srcs/sources_1/new/Multiplier_gamma.vhd:156]
INFO: [Synth 8-3491] module 'Adder_Unsigned_56bits' declared at 'C:/Users/liyon/Desktop/Kernel_rbf/Kernel_rbf.srcs/sources_1/imports/SVM/Adder_Unsigned_56bits.vhd:34' bound to instance 'Adder_Unsigned_56bits_6' of component 'Adder_Unsigned_56bits' [C:/Users/liyon/Desktop/Kernel_rbf/Kernel_rbf.srcs/sources_1/new/Multiplier_gamma.vhd:164]
INFO: [Synth 8-3491] module 'Adder_Unsigned_56bits' declared at 'C:/Users/liyon/Desktop/Kernel_rbf/Kernel_rbf.srcs/sources_1/imports/SVM/Adder_Unsigned_56bits.vhd:34' bound to instance 'Adder_Unsigned_56bits_7' of component 'Adder_Unsigned_56bits' [C:/Users/liyon/Desktop/Kernel_rbf/Kernel_rbf.srcs/sources_1/new/Multiplier_gamma.vhd:172]
INFO: [Synth 8-3491] module 'Adder_Unsigned_56bits' declared at 'C:/Users/liyon/Desktop/Kernel_rbf/Kernel_rbf.srcs/sources_1/imports/SVM/Adder_Unsigned_56bits.vhd:34' bound to instance 'Adder_Unsigned_56bits_8' of component 'Adder_Unsigned_56bits' [C:/Users/liyon/Desktop/Kernel_rbf/Kernel_rbf.srcs/sources_1/new/Multiplier_gamma.vhd:180]
INFO: [Synth 8-3491] module 'Adder_Unsigned_56bits' declared at 'C:/Users/liyon/Desktop/Kernel_rbf/Kernel_rbf.srcs/sources_1/imports/SVM/Adder_Unsigned_56bits.vhd:34' bound to instance 'Adder_Unsigned_56bits_9' of component 'Adder_Unsigned_56bits' [C:/Users/liyon/Desktop/Kernel_rbf/Kernel_rbf.srcs/sources_1/new/Multiplier_gamma.vhd:188]
INFO: [Synth 8-3491] module 'Adder_Unsigned_56bits' declared at 'C:/Users/liyon/Desktop/Kernel_rbf/Kernel_rbf.srcs/sources_1/imports/SVM/Adder_Unsigned_56bits.vhd:34' bound to instance 'Adder_Unsigned_56bits_10' of component 'Adder_Unsigned_56bits' [C:/Users/liyon/Desktop/Kernel_rbf/Kernel_rbf.srcs/sources_1/new/Multiplier_gamma.vhd:196]
INFO: [Synth 8-256] done synthesizing module 'Multiplier_gamma' (0#1) [C:/Users/liyon/Desktop/Kernel_rbf/Kernel_rbf.srcs/sources_1/new/Multiplier_gamma.vhd:41]
INFO: [Synth 8-3491] module 'Exponential' declared at 'C:/Users/liyon/Desktop/Kernel_rbf/Kernel_rbf.srcs/sources_1/imports/SVM/Exponential.vhd:34' bound to instance 'Exponential_0' of component 'Exponential' [C:/Users/liyon/Desktop/Kernel_rbf/Kernel_rbf.srcs/sources_1/new/Kernel_rbf.vhd:241]
INFO: [Synth 8-638] synthesizing module 'Exponential' [C:/Users/liyon/Desktop/Kernel_rbf/Kernel_rbf.srcs/sources_1/imports/SVM/Exponential.vhd:40]
INFO: [Synth 8-256] done synthesizing module 'Exponential' (0#1) [C:/Users/liyon/Desktop/Kernel_rbf/Kernel_rbf.srcs/sources_1/imports/SVM/Exponential.vhd:40]
INFO: [Synth 8-256] done synthesizing module 'Kernel_rbf' (0#1) [C:/Users/liyon/Desktop/Kernel_rbf/Kernel_rbf.srcs/sources_1/new/Kernel_rbf.vhd:56]
---------------------------------------------------------------------------------
Finished RTL Elaboration : Time (s): cpu = 00:01:33 ; elapsed = 00:02:18 . Memory (MB): peak = 5087.543 ; gain = 3567.707
---------------------------------------------------------------------------------
---------------------------------------------------------------------------------
Start Handling Custom Attributes
---------------------------------------------------------------------------------
---------------------------------------------------------------------------------
Finished Handling Custom Attributes : Time (s): cpu = 00:01:33 ; elapsed = 00:02:19 . Memory (MB): peak = 5087.543 ; gain = 3567.707
---------------------------------------------------------------------------------
---------------------------------------------------------------------------------
Finished RTL Optimization Phase 1 : Time (s): cpu = 00:01:33 ; elapsed = 00:02:19 . Memory (MB): peak = 5087.543 ; gain = 3567.707
---------------------------------------------------------------------------------
Netlist sorting complete. Time (s): cpu = 00:00:02 ; elapsed = 00:00:03 . Memory (MB): peak = 5087.543 ; gain = 0.000
INFO: [Project 1-570] Preparing netlist for logic optimization

Processing XDC Constraints
Initializing timing engine
Completed Processing XDC Constraints

Netlist sorting complete. Time (s): cpu = 00:00:00 ; elapsed = 00:00:00.231 . Memory (MB): peak = 5087.543 ; gain = 0.000
INFO: [Project 1-111] Unisim Transformation Summary:
No Unisim elements were transformed.

RTL Elaboration Complete:  : Time (s): cpu = 00:02:00 ; elapsed = 00:02:48 . Memory (MB): peak = 5087.543 ; gain = 3567.707
122 Infos, 0 Warnings, 0 Critical Warnings and 0 Errors encountered.
synth_design completed successfully
synth_design: Time (s): cpu = 00:02:06 ; elapsed = 00:03:06 . Memory (MB): peak = 5087.543 ; gain = 3888.453
