Vivado Simulator v2022.2
Copyright 1986-1999, 2001-2022 Xilinx, Inc. All Rights Reserved.
Running: C:/Xilinx/Vivado/2022.2/bin/unwrapped/win64.o/xelab.exe --incr --debug typical --relax --mt 2 -L xil_defaultlib -L secureip --snapshot Multiplier_28bits_tb_behav xil_defaultlib.Multiplier_28bits_tb -log elaborate.log 
Using 2 slave threads.
Starting static elaboration
Completed static elaboration
Starting simulation data flow analysis
Completed simulation data flow analysis
Time Resolution for simulation is 1ps
Compiling package std.standard
Compiling package std.textio
Compiling package ieee.std_logic_1164
Compiling architecture behavioral of entity xil_defaultlib.Adder_Unsigned_1bit [adder_unsigned_1bit_default]
Compiling architecture behavioral of entity xil_defaultlib.Adder_Unsigned_4bits [adder_unsigned_4bits_default]
Compiling architecture behavioral of entity xil_defaultlib.Adder_Unsigned_8bits [adder_unsigned_8bits_default]
Compiling architecture behavioral of entity xil_defaultlib.Adder_Unsigned_16bits [adder_unsigned_16bits_default]
Compiling architecture behavioral of entity xil_defaultlib.Adder_Unsigned_32bits [adder_unsigned_32bits_default]
Compiling architecture behavioral of entity xil_defaultlib.Adder_Unsigned_56bits [adder_unsigned_56bits_default]
Compiling architecture behavioral of entity xil_defaultlib.Multiplier_28bits [multiplier_28bits_default]
Compiling architecture behavioral of entity xil_defaultlib.multiplier_28bits_tb
Built simulation snapshot Multiplier_28bits_tb_behav
